{"/Users/georgegilgarib/Documents/SELF-PROJECTS/laprueba/movie-app-2/src/domain/Actor/mappers/ActorMapper.ts": {"path":"/Users/georgegilgarib/Documents/SELF-PROJECTS/laprueba/movie-app-2/src/domain/Actor/mappers/ActorMapper.ts","statementMap":{"0":{"start":{"line":5,"column":8},"end":{"line":10,"column":10}}},"fnMap":{"0":{"name":"(anonymous_0)","decl":{"start":{"line":4,"column":4},"end":{"line":4,"column":5}},"loc":{"start":{"line":4,"column":39},"end":{"line":11,"column":5}},"line":4}},"branchMap":{},"s":{"0":7},"f":{"0":7},"b":{},"_coverageSchema":"1a1c01bbd47fc00a2c39e90264f33305004495a9","hash":"0819ee90b4c6a9d8090fb1fd4c6068ec5a83135e"}
,"/Users/georgegilgarib/Documents/SELF-PROJECTS/laprueba/movie-app-2/src/domain/Actor/model/Actor.ts": {"path":"/Users/georgegilgarib/Documents/SELF-PROJECTS/laprueba/movie-app-2/src/domain/Actor/model/Actor.ts","statementMap":{"0":{"start":{"line":8,"column":2},"end":{"line":11,"column":32}}},"fnMap":{"0":{"name":"(anonymous_0)","decl":{"start":{"line":2,"column":1},"end":{"line":2,"column":2}},"loc":{"start":{"line":7,"column":3},"end":{"line":12,"column":2}},"line":7}},"branchMap":{},"s":{"0":45},"f":{"0":45},"b":{},"_coverageSchema":"1a1c01bbd47fc00a2c39e90264f33305004495a9","hash":"f633bd9a8aae760449e8cc119f4153a412aaed83"}
,"/Users/georgegilgarib/Documents/SELF-PROJECTS/laprueba/movie-app-2/src/domain/Guest/exceptions/CouldNotCreateGuestSessionException.ts": {"path":"/Users/georgegilgarib/Documents/SELF-PROJECTS/laprueba/movie-app-2/src/domain/Guest/exceptions/CouldNotCreateGuestSessionException.ts","statementMap":{},"fnMap":{},"branchMap":{},"s":{},"f":{},"b":{},"_coverageSchema":"1a1c01bbd47fc00a2c39e90264f33305004495a9","hash":"23227c6f7101b89b353861a451a17d653a09c363"}
,"/Users/georgegilgarib/Documents/SELF-PROJECTS/laprueba/movie-app-2/src/domain/Guest/model/GuestSession.ts": {"path":"/Users/georgegilgarib/Documents/SELF-PROJECTS/laprueba/movie-app-2/src/domain/Guest/model/GuestSession.ts","statementMap":{"0":{"start":{"line":6,"column":6},"end":{"line":6,"column":43}},"1":{"start":{"line":7,"column":6},"end":{"line":7,"column":35}}},"fnMap":{"0":{"name":"(anonymous_0)","decl":{"start":{"line":2,"column":4},"end":{"line":2,"column":5}},"loc":{"start":{"line":5,"column":6},"end":{"line":8,"column":5}},"line":5}},"branchMap":{},"s":{"0":7,"1":7},"f":{"0":7},"b":{},"_coverageSchema":"1a1c01bbd47fc00a2c39e90264f33305004495a9","hash":"63be980fcc0c5c48677e40944944c65a61e6dfad"}
,"/Users/georgegilgarib/Documents/SELF-PROJECTS/laprueba/movie-app-2/src/domain/Guest/repository/GuestRepository.ts": {"path":"/Users/georgegilgarib/Documents/SELF-PROJECTS/laprueba/movie-app-2/src/domain/Guest/repository/GuestRepository.ts","statementMap":{"0":{"start":{"line":10,"column":4},"end":{"line":10,"column":42}},"1":{"start":{"line":14,"column":24},"end":{"line":14,"column":60}},"2":{"start":{"line":16,"column":4},"end":{"line":18,"column":5}},"3":{"start":{"line":17,"column":6},"end":{"line":17,"column":54}},"4":{"start":{"line":20,"column":4},"end":{"line":20,"column":82}}},"fnMap":{"0":{"name":"(anonymous_0)","decl":{"start":{"line":9,"column":2},"end":{"line":9,"column":3}},"loc":{"start":{"line":9,"column":16},"end":{"line":11,"column":3}},"line":9},"1":{"name":"(anonymous_1)","decl":{"start":{"line":13,"column":2},"end":{"line":13,"column":3}},"loc":{"start":{"line":13,"column":54},"end":{"line":21,"column":3}},"line":13}},"branchMap":{"0":{"loc":{"start":{"line":16,"column":4},"end":{"line":18,"column":5}},"type":"if","locations":[{"start":{"line":16,"column":4},"end":{"line":18,"column":5}},{"start":{},"end":{}}],"line":16},"1":{"loc":{"start":{"line":16,"column":8},"end":{"line":16,"column":64}},"type":"binary-expr","locations":[{"start":{"line":16,"column":8},"end":{"line":16,"column":37}},{"start":{"line":16,"column":41},"end":{"line":16,"column":64}}],"line":16}},"s":{"0":4,"1":2,"2":2,"3":1,"4":1},"f":{"0":4,"1":2},"b":{"0":[1,1],"1":[2,1]},"_coverageSchema":"1a1c01bbd47fc00a2c39e90264f33305004495a9","hash":"911227aa250c648291741e38dc1150dc9e9afc10"}
,"/Users/georgegilgarib/Documents/SELF-PROJECTS/laprueba/movie-app-2/src/domain/Guest/useCase/GetOrCreateSessionUseCase.ts": {"path":"/Users/georgegilgarib/Documents/SELF-PROJECTS/laprueba/movie-app-2/src/domain/Guest/useCase/GetOrCreateSessionUseCase.ts","statementMap":{"0":{"start":{"line":9,"column":8},"end":{"line":9,"column":52}},"1":{"start":{"line":13,"column":26},"end":{"line":13,"column":44}},"2":{"start":{"line":15,"column":8},"end":{"line":19,"column":9}},"3":{"start":{"line":16,"column":10},"end":{"line":16,"column":67}},"4":{"start":{"line":18,"column":10},"end":{"line":18,"column":34}},"5":{"start":{"line":21,"column":8},"end":{"line":21,"column":26}}},"fnMap":{"0":{"name":"(anonymous_0)","decl":{"start":{"line":7,"column":4},"end":{"line":7,"column":5}},"loc":{"start":{"line":8,"column":4},"end":{"line":10,"column":5}},"line":8},"1":{"name":"(anonymous_1)","decl":{"start":{"line":12,"column":4},"end":{"line":12,"column":5}},"loc":{"start":{"line":12,"column":50},"end":{"line":22,"column":5}},"line":12}},"branchMap":{"0":{"loc":{"start":{"line":15,"column":8},"end":{"line":19,"column":9}},"type":"if","locations":[{"start":{"line":15,"column":8},"end":{"line":19,"column":9}},{"start":{},"end":{}}],"line":15},"1":{"loc":{"start":{"line":15,"column":12},"end":{"line":15,"column":83}},"type":"binary-expr","locations":[{"start":{"line":15,"column":12},"end":{"line":15,"column":67}},{"start":{"line":15,"column":71},"end":{"line":15,"column":83}}],"line":15},"2":{"loc":{"start":{"line":15,"column":14},"end":{"line":15,"column":66}},"type":"binary-expr","locations":[{"start":{"line":15,"column":14},"end":{"line":15,"column":41}},{"start":{"line":15,"column":45},"end":{"line":15,"column":66}}],"line":15}},"s":{"0":6,"1":4,"2":4,"3":3,"4":3,"5":4},"f":{"0":6,"1":4},"b":{"0":[3,1],"1":[4,1],"2":[4,2]},"_coverageSchema":"1a1c01bbd47fc00a2c39e90264f33305004495a9","hash":"7c655c682199839ad2fe3b6305caf17f86c13f72"}
,"/Users/georgegilgarib/Documents/SELF-PROJECTS/laprueba/movie-app-2/src/domain/Movies/exceptions/CouldNotGetMovieException.ts": {"path":"/Users/georgegilgarib/Documents/SELF-PROJECTS/laprueba/movie-app-2/src/domain/Movies/exceptions/CouldNotGetMovieException.ts","statementMap":{},"fnMap":{},"branchMap":{},"s":{},"f":{},"b":{},"_coverageSchema":"1a1c01bbd47fc00a2c39e90264f33305004495a9","hash":"3cfa825ea221f8541d124aacb51ed890a8b0e5bd"}
,"/Users/georgegilgarib/Documents/SELF-PROJECTS/laprueba/movie-app-2/src/domain/Movies/exceptions/CouldNotGetRecommendationsException.ts": {"path":"/Users/georgegilgarib/Documents/SELF-PROJECTS/laprueba/movie-app-2/src/domain/Movies/exceptions/CouldNotGetRecommendationsException.ts","statementMap":{},"fnMap":{},"branchMap":{},"s":{},"f":{},"b":{},"_coverageSchema":"1a1c01bbd47fc00a2c39e90264f33305004495a9","hash":"7eb9c2252c52755393737f9e54edbb4d4d038b50"}
,"/Users/georgegilgarib/Documents/SELF-PROJECTS/laprueba/movie-app-2/src/domain/Movies/exceptions/CouldNotRateMovieException.ts": {"path":"/Users/georgegilgarib/Documents/SELF-PROJECTS/laprueba/movie-app-2/src/domain/Movies/exceptions/CouldNotRateMovieException.ts","statementMap":{},"fnMap":{},"branchMap":{},"s":{},"f":{},"b":{},"_coverageSchema":"1a1c01bbd47fc00a2c39e90264f33305004495a9","hash":"4892bb3349f6bf3f5226db46cd8c7df77d449d68"}
,"/Users/georgegilgarib/Documents/SELF-PROJECTS/laprueba/movie-app-2/src/domain/Movies/mappers/MovieMapper.ts": {"path":"/Users/georgegilgarib/Documents/SELF-PROJECTS/laprueba/movie-app-2/src/domain/Movies/mappers/MovieMapper.ts","statementMap":{"0":{"start":{"line":10,"column":8},"end":{"line":10,"column":45}},"1":{"start":{"line":14,"column":23},"end":{"line":24,"column":9}},"2":{"start":{"line":22,"column":44},"end":{"line":22,"column":73}},"3":{"start":{"line":25,"column":8},"end":{"line":25,"column":20}}},"fnMap":{"0":{"name":"(anonymous_0)","decl":{"start":{"line":9,"column":4},"end":{"line":9,"column":5}},"loc":{"start":{"line":9,"column":18},"end":{"line":11,"column":5}},"line":9},"1":{"name":"(anonymous_1)","decl":{"start":{"line":13,"column":4},"end":{"line":13,"column":5}},"loc":{"start":{"line":13,"column":39},"end":{"line":26,"column":5}},"line":13},"2":{"name":"(anonymous_2)","decl":{"start":{"line":22,"column":35},"end":{"line":22,"column":36}},"loc":{"start":{"line":22,"column":44},"end":{"line":22,"column":73}},"line":22}},"branchMap":{},"s":{"0":14,"1":3,"2":4,"3":3},"f":{"0":14,"1":3,"2":4},"b":{},"_coverageSchema":"1a1c01bbd47fc00a2c39e90264f33305004495a9","hash":"7bd2eca11e65d3884a0fe3f3a4892940885411ca"}
,"/Users/georgegilgarib/Documents/SELF-PROJECTS/laprueba/movie-app-2/src/domain/Movies/model/Movie.ts": {"path":"/Users/georgegilgarib/Documents/SELF-PROJECTS/laprueba/movie-app-2/src/domain/Movies/model/Movie.ts","statementMap":{"0":{"start":{"line":25,"column":2},"end":{"line":25,"column":15}},"1":{"start":{"line":26,"column":2},"end":{"line":26,"column":21}},"2":{"start":{"line":27,"column":2},"end":{"line":27,"column":33}},"3":{"start":{"line":28,"column":2},"end":{"line":28,"column":33}},"4":{"start":{"line":29,"column":2},"end":{"line":29,"column":31}},"5":{"start":{"line":30,"column":2},"end":{"line":30,"column":27}},"6":{"start":{"line":31,"column":2},"end":{"line":31,"column":23}},"7":{"start":{"line":32,"column":2},"end":{"line":32,"column":23}},"8":{"start":{"line":33,"column":2},"end":{"line":33,"column":23}}},"fnMap":{"0":{"name":"(anonymous_0)","decl":{"start":{"line":14,"column":1},"end":{"line":14,"column":2}},"loc":{"start":{"line":24,"column":3},"end":{"line":34,"column":2}},"line":24}},"branchMap":{},"s":{"0":28,"1":28,"2":28,"3":28,"4":28,"5":28,"6":28,"7":28,"8":28},"f":{"0":28},"b":{},"_coverageSchema":"1a1c01bbd47fc00a2c39e90264f33305004495a9","hash":"aeba4cddd96c807babf8a7b87e1e518ceaca4164"}
,"/Users/georgegilgarib/Documents/SELF-PROJECTS/laprueba/movie-app-2/src/domain/Movies/repository/MovieRepository.ts": {"path":"/Users/georgegilgarib/Documents/SELF-PROJECTS/laprueba/movie-app-2/src/domain/Movies/repository/MovieRepository.ts","statementMap":{"0":{"start":{"line":14,"column":4},"end":{"line":14,"column":41}},"1":{"start":{"line":15,"column":4},"end":{"line":15,"column":42}},"2":{"start":{"line":19,"column":23},"end":{"line":19,"column":52}},"3":{"start":{"line":21,"column":4},"end":{"line":21,"column":68}},"4":{"start":{"line":21,"column":37},"end":{"line":21,"column":66}},"5":{"start":{"line":25,"column":21},"end":{"line":25,"column":49}},"6":{"start":{"line":27,"column":4},"end":{"line":29,"column":5}},"7":{"start":{"line":28,"column":6},"end":{"line":28,"column":44}},"8":{"start":{"line":31,"column":4},"end":{"line":31,"column":44}},"9":{"start":{"line":35,"column":23},"end":{"line":35,"column":66}},"10":{"start":{"line":37,"column":4},"end":{"line":39,"column":5}},"11":{"start":{"line":38,"column":6},"end":{"line":38,"column":54}},"12":{"start":{"line":41,"column":4},"end":{"line":41,"column":72}},"13":{"start":{"line":41,"column":38},"end":{"line":41,"column":70}},"14":{"start":{"line":45,"column":23},"end":{"line":45,"column":69}},"15":{"start":{"line":47,"column":4},"end":{"line":47,"column":74}},"16":{"start":{"line":47,"column":40},"end":{"line":47,"column":72}},"17":{"start":{"line":51,"column":19},"end":{"line":51,"column":75}},"18":{"start":{"line":53,"column":4},"end":{"line":55,"column":5}},"19":{"start":{"line":54,"column":6},"end":{"line":54,"column":45}},"20":{"start":{"line":57,"column":4},"end":{"line":57,"column":25}}},"fnMap":{"0":{"name":"(anonymous_0)","decl":{"start":{"line":13,"column":2},"end":{"line":13,"column":3}},"loc":{"start":{"line":13,"column":16},"end":{"line":16,"column":3}},"line":13},"1":{"name":"(anonymous_1)","decl":{"start":{"line":18,"column":2},"end":{"line":18,"column":3}},"loc":{"start":{"line":18,"column":42},"end":{"line":22,"column":3}},"line":18},"2":{"name":"(anonymous_2)","decl":{"start":{"line":21,"column":26},"end":{"line":21,"column":27}},"loc":{"start":{"line":21,"column":37},"end":{"line":21,"column":66}},"line":21},"3":{"name":"(anonymous_3)","decl":{"start":{"line":24,"column":2},"end":{"line":24,"column":3}},"loc":{"start":{"line":24,"column":47},"end":{"line":32,"column":3}},"line":24},"4":{"name":"(anonymous_4)","decl":{"start":{"line":34,"column":2},"end":{"line":34,"column":3}},"loc":{"start":{"line":34,"column":64},"end":{"line":42,"column":3}},"line":34},"5":{"name":"(anonymous_5)","decl":{"start":{"line":41,"column":26},"end":{"line":41,"column":27}},"loc":{"start":{"line":41,"column":38},"end":{"line":41,"column":70}},"line":41},"6":{"name":"(anonymous_6)","decl":{"start":{"line":44,"column":2},"end":{"line":44,"column":3}},"loc":{"start":{"line":44,"column":67},"end":{"line":48,"column":3}},"line":44},"7":{"name":"(anonymous_7)","decl":{"start":{"line":47,"column":26},"end":{"line":47,"column":27}},"loc":{"start":{"line":47,"column":40},"end":{"line":47,"column":72}},"line":47},"8":{"name":"(anonymous_8)","decl":{"start":{"line":50,"column":2},"end":{"line":50,"column":3}},"loc":{"start":{"line":50,"column":93},"end":{"line":58,"column":3}},"line":50}},"branchMap":{"0":{"loc":{"start":{"line":27,"column":4},"end":{"line":29,"column":5}},"type":"if","locations":[{"start":{"line":27,"column":4},"end":{"line":29,"column":5}},{"start":{},"end":{}}],"line":27},"1":{"loc":{"start":{"line":37,"column":4},"end":{"line":39,"column":5}},"type":"if","locations":[{"start":{"line":37,"column":4},"end":{"line":39,"column":5}},{"start":{},"end":{}}],"line":37},"2":{"loc":{"start":{"line":53,"column":4},"end":{"line":55,"column":5}},"type":"if","locations":[{"start":{"line":53,"column":4},"end":{"line":55,"column":5}},{"start":{},"end":{}}],"line":53}},"s":{"0":11,"1":11,"2":1,"3":1,"4":2,"5":2,"6":2,"7":1,"8":1,"9":2,"10":2,"11":1,"12":1,"13":2,"14":1,"15":1,"16":2,"17":2,"18":2,"19":1,"20":1},"f":{"0":11,"1":1,"2":2,"3":2,"4":2,"5":2,"6":1,"7":2,"8":2},"b":{"0":[1,1],"1":[1,1],"2":[1,1]},"_coverageSchema":"1a1c01bbd47fc00a2c39e90264f33305004495a9","hash":"1fd530e7656d433f9a4acdcd6394f395af492bb8"}
,"/Users/georgegilgarib/Documents/SELF-PROJECTS/laprueba/movie-app-2/src/domain/Movies/useCase/GetNowPlayingMoviesUseCase.ts": {"path":"/Users/georgegilgarib/Documents/SELF-PROJECTS/laprueba/movie-app-2/src/domain/Movies/useCase/GetNowPlayingMoviesUseCase.ts","statementMap":{"0":{"start":{"line":9,"column":8},"end":{"line":9,"column":52}},"1":{"start":{"line":13,"column":23},"end":{"line":13,"column":58}},"2":{"start":{"line":15,"column":8},"end":{"line":15,"column":69}},"3":{"start":{"line":15,"column":37},"end":{"line":15,"column":67}}},"fnMap":{"0":{"name":"(anonymous_0)","decl":{"start":{"line":7,"column":4},"end":{"line":7,"column":5}},"loc":{"start":{"line":8,"column":4},"end":{"line":10,"column":5}},"line":8},"1":{"name":"(anonymous_1)","decl":{"start":{"line":12,"column":4},"end":{"line":12,"column":5}},"loc":{"start":{"line":12,"column":45},"end":{"line":16,"column":5}},"line":12},"2":{"name":"(anonymous_2)","decl":{"start":{"line":15,"column":27},"end":{"line":15,"column":28}},"loc":{"start":{"line":15,"column":37},"end":{"line":15,"column":67}},"line":15}},"branchMap":{},"s":{"0":1,"1":1,"2":1,"3":6},"f":{"0":1,"1":1,"2":6},"b":{},"_coverageSchema":"1a1c01bbd47fc00a2c39e90264f33305004495a9","hash":"8c18116c881aa80d43ad439ae1d2cb1fdfa516f7"}
,"/Users/georgegilgarib/Documents/SELF-PROJECTS/laprueba/movie-app-2/src/domain/Movies/useCase/GetRatedMoviesUseCase.ts": {"path":"/Users/georgegilgarib/Documents/SELF-PROJECTS/laprueba/movie-app-2/src/domain/Movies/useCase/GetRatedMoviesUseCase.ts","statementMap":{"0":{"start":{"line":11,"column":8},"end":{"line":11,"column":52}},"1":{"start":{"line":12,"column":8},"end":{"line":12,"column":72}},"2":{"start":{"line":16,"column":24},"end":{"line":16,"column":70}},"3":{"start":{"line":18,"column":8},"end":{"line":18,"column":74}}},"fnMap":{"0":{"name":"(anonymous_0)","decl":{"start":{"line":9,"column":4},"end":{"line":9,"column":5}},"loc":{"start":{"line":10,"column":4},"end":{"line":13,"column":5}},"line":10},"1":{"name":"(anonymous_1)","decl":{"start":{"line":15,"column":4},"end":{"line":15,"column":5}},"loc":{"start":{"line":15,"column":45},"end":{"line":19,"column":5}},"line":15}},"branchMap":{},"s":{"0":1,"1":1,"2":1,"3":1},"f":{"0":1,"1":1},"b":{},"_coverageSchema":"1a1c01bbd47fc00a2c39e90264f33305004495a9","hash":"d38811ee8ab9d25f55afc3be503a5db0e8e769e8"}
,"/Users/georgegilgarib/Documents/SELF-PROJECTS/laprueba/movie-app-2/src/domain/Movies/useCase/RateMovieUseCase.ts": {"path":"/Users/georgegilgarib/Documents/SELF-PROJECTS/laprueba/movie-app-2/src/domain/Movies/useCase/RateMovieUseCase.ts","statementMap":{"0":{"start":{"line":10,"column":8},"end":{"line":10,"column":52}},"1":{"start":{"line":11,"column":8},"end":{"line":11,"column":72}},"2":{"start":{"line":15,"column":24},"end":{"line":15,"column":70}},"3":{"start":{"line":17,"column":8},"end":{"line":17,"column":84}}},"fnMap":{"0":{"name":"(anonymous_0)","decl":{"start":{"line":8,"column":4},"end":{"line":8,"column":5}},"loc":{"start":{"line":9,"column":4},"end":{"line":12,"column":5}},"line":9},"1":{"name":"(anonymous_1)","decl":{"start":{"line":14,"column":4},"end":{"line":14,"column":5}},"loc":{"start":{"line":14,"column":74},"end":{"line":18,"column":5}},"line":14}},"branchMap":{},"s":{"0":1,"1":1,"2":1,"3":1},"f":{"0":1,"1":1},"b":{},"_coverageSchema":"1a1c01bbd47fc00a2c39e90264f33305004495a9","hash":"6cf203f337bccef6d3b2eb1f5257a0db5a4f7ab4"}
,"/Users/georgegilgarib/Documents/SELF-PROJECTS/laprueba/movie-app-2/src/infrastructure/api/Guest/api/GuestApiClient.ts": {"path":"/Users/georgegilgarib/Documents/SELF-PROJECTS/laprueba/movie-app-2/src/infrastructure/api/Guest/api/GuestApiClient.ts","statementMap":{"0":{"start":{"line":5,"column":41},"end":{"line":5,"column":104}},"1":{"start":{"line":6,"column":36},"end":{"line":6,"column":77}},"2":{"start":{"line":11,"column":16},"end":{"line":11,"column":78}},"3":{"start":{"line":12,"column":21},"end":{"line":12,"column":37}},"4":{"start":{"line":13,"column":19},"end":{"line":13,"column":40}},"5":{"start":{"line":15,"column":4},"end":{"line":15,"column":18}}},"fnMap":{"0":{"name":"(anonymous_0)","decl":{"start":{"line":8,"column":2},"end":{"line":8,"column":3}},"loc":{"start":{"line":8,"column":16},"end":{"line":8,"column":18}},"line":8},"1":{"name":"(anonymous_1)","decl":{"start":{"line":10,"column":2},"end":{"line":10,"column":3}},"loc":{"start":{"line":10,"column":57},"end":{"line":16,"column":3}},"line":10}},"branchMap":{},"s":{"0":6,"1":6,"2":2,"3":2,"4":1,"5":1},"f":{"0":6,"1":2},"b":{},"_coverageSchema":"1a1c01bbd47fc00a2c39e90264f33305004495a9","hash":"0e03f267997ec5ed3c4374ebd041be0d2d6178f2"}
,"/Users/georgegilgarib/Documents/SELF-PROJECTS/laprueba/movie-app-2/src/infrastructure/api/Movies/api/MovieApiClient.ts": {"path":"/Users/georgegilgarib/Documents/SELF-PROJECTS/laprueba/movie-app-2/src/infrastructure/api/Movies/api/MovieApiClient.ts","statementMap":{"0":{"start":{"line":5,"column":42},"end":{"line":5,"column":96}},"1":{"start":{"line":6,"column":42},"end":{"line":6,"column":104}},"2":{"start":{"line":7,"column":36},"end":{"line":7,"column":77}},"3":{"start":{"line":8,"column":38},"end":{"line":8,"column":84}},"4":{"start":{"line":14,"column":16},"end":{"line":14,"column":106}},"5":{"start":{"line":15,"column":21},"end":{"line":15,"column":37}},"6":{"start":{"line":16,"column":16},"end":{"line":16,"column":37}},"7":{"start":{"line":17,"column":4},"end":{"line":17,"column":37}},"8":{"start":{"line":21,"column":16},"end":{"line":21,"column":120}},"9":{"start":{"line":23,"column":4},"end":{"line":35,"column":5}},"10":{"start":{"line":24,"column":23},"end":{"line":24,"column":39}},"11":{"start":{"line":26,"column":6},"end":{"line":28,"column":7}},"12":{"start":{"line":27,"column":8},"end":{"line":27,"column":20}},"13":{"start":{"line":30,"column":19},"end":{"line":30,"column":40}},"14":{"start":{"line":32,"column":6},"end":{"line":32,"column":30}},"15":{"start":{"line":34,"column":6},"end":{"line":34,"column":18}},"16":{"start":{"line":39,"column":16},"end":{"line":39,"column":116}},"17":{"start":{"line":40,"column":21},"end":{"line":40,"column":37}},"18":{"start":{"line":41,"column":19},"end":{"line":41,"column":40}},"19":{"start":{"line":43,"column":4},"end":{"line":45,"column":5}},"20":{"start":{"line":44,"column":6},"end":{"line":44,"column":16}},"21":{"start":{"line":47,"column":4},"end":{"line":47,"column":46}},"22":{"start":{"line":51,"column":14},"end":{"line":51,"column":85}},"23":{"start":{"line":52,"column":21},"end":{"line":54,"column":5}},"24":{"start":{"line":56,"column":21},"end":{"line":56,"column":46}},"25":{"start":{"line":57,"column":19},"end":{"line":57,"column":40}},"26":{"start":{"line":59,"column":4},"end":{"line":61,"column":5}},"27":{"start":{"line":60,"column":6},"end":{"line":60,"column":16}},"28":{"start":{"line":63,"column":4},"end":{"line":63,"column":40}},"29":{"start":{"line":67,"column":16},"end":{"line":67,"column":109}},"30":{"start":{"line":68,"column":21},"end":{"line":75,"column":6}},"31":{"start":{"line":77,"column":19},"end":{"line":77,"column":40}},"32":{"start":{"line":79,"column":4},"end":{"line":81,"column":5}},"33":{"start":{"line":80,"column":6},"end":{"line":80,"column":32}},"34":{"start":{"line":83,"column":4},"end":{"line":83,"column":39}}},"fnMap":{"0":{"name":"(anonymous_0)","decl":{"start":{"line":10,"column":2},"end":{"line":10,"column":3}},"loc":{"start":{"line":10,"column":16},"end":{"line":10,"column":18}},"line":10},"1":{"name":"(anonymous_1)","decl":{"start":{"line":12,"column":2},"end":{"line":12,"column":3}},"loc":{"start":{"line":12,"column":45},"end":{"line":18,"column":3}},"line":12},"2":{"name":"(anonymous_2)","decl":{"start":{"line":20,"column":2},"end":{"line":20,"column":3}},"loc":{"start":{"line":20,"column":57},"end":{"line":36,"column":3}},"line":20},"3":{"name":"(anonymous_3)","decl":{"start":{"line":38,"column":2},"end":{"line":38,"column":3}},"loc":{"start":{"line":38,"column":67},"end":{"line":48,"column":3}},"line":38},"4":{"name":"(anonymous_4)","decl":{"start":{"line":50,"column":2},"end":{"line":50,"column":3}},"loc":{"start":{"line":50,"column":70},"end":{"line":64,"column":3}},"line":50},"5":{"name":"(anonymous_5)","decl":{"start":{"line":66,"column":2},"end":{"line":66,"column":3}},"loc":{"start":{"line":66,"column":106},"end":{"line":84,"column":3}},"line":66}},"branchMap":{"0":{"loc":{"start":{"line":26,"column":6},"end":{"line":28,"column":7}},"type":"if","locations":[{"start":{"line":26,"column":6},"end":{"line":28,"column":7}},{"start":{},"end":{}}],"line":26},"1":{"loc":{"start":{"line":43,"column":4},"end":{"line":45,"column":5}},"type":"if","locations":[{"start":{"line":43,"column":4},"end":{"line":45,"column":5}},{"start":{},"end":{}}],"line":43},"2":{"loc":{"start":{"line":47,"column":11},"end":{"line":47,"column":45}},"type":"binary-expr","locations":[{"start":{"line":47,"column":11},"end":{"line":47,"column":39}},{"start":{"line":47,"column":43},"end":{"line":47,"column":45}}],"line":47},"3":{"loc":{"start":{"line":59,"column":4},"end":{"line":61,"column":5}},"type":"if","locations":[{"start":{"line":59,"column":4},"end":{"line":61,"column":5}},{"start":{},"end":{}}],"line":59},"4":{"loc":{"start":{"line":79,"column":4},"end":{"line":81,"column":5}},"type":"if","locations":[{"start":{"line":79,"column":4},"end":{"line":81,"column":5}},{"start":{},"end":{}}],"line":79}},"s":{"0":21,"1":21,"2":21,"3":21,"4":1,"5":1,"6":1,"7":1,"8":3,"9":3,"10":3,"11":2,"12":1,"13":1,"14":1,"15":1,"16":2,"17":2,"18":2,"19":2,"20":1,"21":1,"22":0,"23":0,"24":0,"25":0,"26":0,"27":0,"28":0,"29":4,"30":4,"31":4,"32":4,"33":2,"34":2},"f":{"0":21,"1":1,"2":3,"3":2,"4":0,"5":4},"b":{"0":[1,1],"1":[1,1],"2":[1,0],"3":[0,0],"4":[2,2]},"_coverageSchema":"1a1c01bbd47fc00a2c39e90264f33305004495a9","hash":"859f8c2d731ab6e4aae30234760b5a463075693e"}
,"/Users/georgegilgarib/Documents/SELF-PROJECTS/laprueba/movie-app-2/src/infrastructure/components/ThemedText.tsx": {"path":"/Users/georgegilgarib/Documents/SELF-PROJECTS/laprueba/movie-app-2/src/infrastructure/components/ThemedText.tsx","statementMap":{"0":{"start":{"line":18,"column":16},"end":{"line":18,"column":77}},"1":{"start":{"line":20,"column":2},"end":{"line":34,"column":4}},"2":{"start":{"line":37,"column":15},"end":{"line":62,"column":2}}},"fnMap":{"0":{"name":"ThemedText","decl":{"start":{"line":11,"column":16},"end":{"line":11,"column":26}},"loc":{"start":{"line":17,"column":20},"end":{"line":35,"column":1}},"line":17}},"branchMap":{"0":{"loc":{"start":{"line":15,"column":2},"end":{"line":15,"column":18}},"type":"default-arg","locations":[{"start":{"line":15,"column":9},"end":{"line":15,"column":18}}],"line":15},"1":{"loc":{"start":{"line":24,"column":8},"end":{"line":24,"column":55}},"type":"cond-expr","locations":[{"start":{"line":24,"column":29},"end":{"line":24,"column":43}},{"start":{"line":24,"column":46},"end":{"line":24,"column":55}}],"line":24},"2":{"loc":{"start":{"line":25,"column":8},"end":{"line":25,"column":51}},"type":"cond-expr","locations":[{"start":{"line":25,"column":27},"end":{"line":25,"column":39}},{"start":{"line":25,"column":42},"end":{"line":25,"column":51}}],"line":25},"3":{"loc":{"start":{"line":26,"column":8},"end":{"line":26,"column":71}},"type":"cond-expr","locations":[{"start":{"line":26,"column":37},"end":{"line":26,"column":59}},{"start":{"line":26,"column":62},"end":{"line":26,"column":71}}],"line":26},"4":{"loc":{"start":{"line":27,"column":8},"end":{"line":27,"column":57}},"type":"cond-expr","locations":[{"start":{"line":27,"column":30},"end":{"line":27,"column":45}},{"start":{"line":27,"column":48},"end":{"line":27,"column":57}}],"line":27},"5":{"loc":{"start":{"line":28,"column":8},"end":{"line":28,"column":49}},"type":"cond-expr","locations":[{"start":{"line":28,"column":26},"end":{"line":28,"column":37}},{"start":{"line":28,"column":40},"end":{"line":28,"column":49}}],"line":28},"6":{"loc":{"start":{"line":29,"column":8},"end":{"line":29,"column":55}},"type":"cond-expr","locations":[{"start":{"line":29,"column":29},"end":{"line":29,"column":43}},{"start":{"line":29,"column":46},"end":{"line":29,"column":55}}],"line":29}},"s":{"0":18,"1":18,"2":6},"f":{"0":18},"b":{"0":[15],"1":[15,3],"2":[0,18],"3":[0,18],"4":[1,17],"5":[0,18],"6":[2,16]},"_coverageSchema":"1a1c01bbd47fc00a2c39e90264f33305004495a9","hash":"ca11d94dc83dd50b820bb46b811d8905ed579cf2"}
,"/Users/georgegilgarib/Documents/SELF-PROJECTS/laprueba/movie-app-2/src/infrastructure/components/ThemedView.tsx": {"path":"/Users/georgegilgarib/Documents/SELF-PROJECTS/laprueba/movie-app-2/src/infrastructure/components/ThemedView.tsx","statementMap":{"0":{"start":{"line":11,"column":26},"end":{"line":11,"column":93}},"1":{"start":{"line":13,"column":2},"end":{"line":13,"column":71}}},"fnMap":{"0":{"name":"ThemedView","decl":{"start":{"line":10,"column":16},"end":{"line":10,"column":26}},"loc":{"start":{"line":10,"column":93},"end":{"line":14,"column":1}},"line":10}},"branchMap":{},"s":{"0":46,"1":46},"f":{"0":46},"b":{},"_coverageSchema":"1a1c01bbd47fc00a2c39e90264f33305004495a9","hash":"16ec80e80a1c39d47eda10b66ee8370012d4d9d0"}
,"/Users/georgegilgarib/Documents/SELF-PROJECTS/laprueba/movie-app-2/src/infrastructure/components/favorites-modal/button/OpenModal.tsx": {"path":"/Users/georgegilgarib/Documents/SELF-PROJECTS/laprueba/movie-app-2/src/infrastructure/components/favorites-modal/button/OpenModal.tsx","statementMap":{"0":{"start":{"line":10,"column":56},"end":{"line":25,"column":1}},"1":{"start":{"line":11,"column":2},"end":{"line":24,"column":4}},"2":{"start":{"line":27,"column":15},"end":{"line":36,"column":2}}},"fnMap":{"0":{"name":"(anonymous_0)","decl":{"start":{"line":10,"column":56},"end":{"line":10,"column":57}},"loc":{"start":{"line":10,"column":85},"end":{"line":25,"column":1}},"line":10}},"branchMap":{"0":{"loc":{"start":{"line":18,"column":14},"end":{"line":18,"column":46}},"type":"cond-expr","locations":[{"start":{"line":18,"column":27},"end":{"line":18,"column":34}},{"start":{"line":18,"column":37},"end":{"line":18,"column":46}}],"line":18}},"s":{"0":1,"1":5,"2":1},"f":{"0":5},"b":{"0":[2,3]},"_coverageSchema":"1a1c01bbd47fc00a2c39e90264f33305004495a9","hash":"9f858023817711407d2fd42b1b662495a89b06d9"}
,"/Users/georgegilgarib/Documents/SELF-PROJECTS/laprueba/movie-app-2/src/infrastructure/components/image-loader-box/ImageLoaderBox.tsx": {"path":"/Users/georgegilgarib/Documents/SELF-PROJECTS/laprueba/movie-app-2/src/infrastructure/components/image-loader-box/ImageLoaderBox.tsx","statementMap":{"0":{"start":{"line":13,"column":56},"end":{"line":72,"column":1}},"1":{"start":{"line":14,"column":32},"end":{"line":14,"column":46}},"2":{"start":{"line":15,"column":40},"end":{"line":15,"column":55}},"3":{"start":{"line":16,"column":36},"end":{"line":16,"column":51}},"4":{"start":{"line":17,"column":19},"end":{"line":17,"column":40}},"5":{"start":{"line":19,"column":2},"end":{"line":28,"column":16}},"6":{"start":{"line":20,"column":18},"end":{"line":25,"column":13}},"7":{"start":{"line":21,"column":6},"end":{"line":24,"column":7}},"8":{"start":{"line":22,"column":8},"end":{"line":22,"column":27}},"9":{"start":{"line":23,"column":8},"end":{"line":23,"column":26}},"10":{"start":{"line":27,"column":4},"end":{"line":27,"column":37}},"11":{"start":{"line":27,"column":17},"end":{"line":27,"column":36}},"12":{"start":{"line":30,"column":2},"end":{"line":38,"column":20}},"13":{"start":{"line":31,"column":4},"end":{"line":37,"column":5}},"14":{"start":{"line":32,"column":6},"end":{"line":36,"column":17}},"15":{"start":{"line":40,"column":2},"end":{"line":71,"column":4}},"16":{"start":{"line":58,"column":14},"end":{"line":58,"column":32}},"17":{"start":{"line":59,"column":14},"end":{"line":59,"column":35}},"18":{"start":{"line":60,"column":14},"end":{"line":60,"column":35}},"19":{"start":{"line":60,"column":26},"end":{"line":60,"column":35}},"20":{"start":{"line":62,"column":31},"end":{"line":62,"column":47}},"21":{"start":{"line":64,"column":14},"end":{"line":64,"column":33}},"22":{"start":{"line":65,"column":14},"end":{"line":65,"column":32}},"23":{"start":{"line":74,"column":15},"end":{"line":91,"column":2}}},"fnMap":{"0":{"name":"(anonymous_0)","decl":{"start":{"line":13,"column":56},"end":{"line":13,"column":57}},"loc":{"start":{"line":13,"column":95},"end":{"line":72,"column":1}},"line":13},"1":{"name":"(anonymous_1)","decl":{"start":{"line":19,"column":12},"end":{"line":19,"column":13}},"loc":{"start":{"line":19,"column":18},"end":{"line":28,"column":3}},"line":19},"2":{"name":"(anonymous_2)","decl":{"start":{"line":20,"column":29},"end":{"line":20,"column":30}},"loc":{"start":{"line":20,"column":35},"end":{"line":25,"column":5}},"line":20},"3":{"name":"(anonymous_3)","decl":{"start":{"line":27,"column":11},"end":{"line":27,"column":12}},"loc":{"start":{"line":27,"column":17},"end":{"line":27,"column":36}},"line":27},"4":{"name":"(anonymous_4)","decl":{"start":{"line":30,"column":12},"end":{"line":30,"column":13}},"loc":{"start":{"line":30,"column":18},"end":{"line":38,"column":3}},"line":30},"5":{"name":"(anonymous_5)","decl":{"start":{"line":57,"column":20},"end":{"line":57,"column":21}},"loc":{"start":{"line":57,"column":26},"end":{"line":61,"column":13}},"line":57},"6":{"name":"(anonymous_6)","decl":{"start":{"line":62,"column":25},"end":{"line":62,"column":26}},"loc":{"start":{"line":62,"column":31},"end":{"line":62,"column":47}},"line":62},"7":{"name":"(anonymous_7)","decl":{"start":{"line":63,"column":21},"end":{"line":63,"column":22}},"loc":{"start":{"line":63,"column":27},"end":{"line":66,"column":13}},"line":63}},"branchMap":{"0":{"loc":{"start":{"line":21,"column":6},"end":{"line":24,"column":7}},"type":"if","locations":[{"start":{"line":21,"column":6},"end":{"line":24,"column":7}},{"start":{},"end":{}}],"line":21},"1":{"loc":{"start":{"line":31,"column":4},"end":{"line":37,"column":5}},"type":"if","locations":[{"start":{"line":31,"column":4},"end":{"line":37,"column":5}},{"start":{},"end":{}}],"line":31},"2":{"loc":{"start":{"line":42,"column":7},"end":{"line":46,"column":7}},"type":"binary-expr","locations":[{"start":{"line":42,"column":7},"end":{"line":42,"column":14}},{"start":{"line":42,"column":18},"end":{"line":42,"column":28}},{"start":{"line":43,"column":8},"end":{"line":45,"column":21}}],"line":42},"3":{"loc":{"start":{"line":47,"column":7},"end":{"line":69,"column":7}},"type":"cond-expr","locations":[{"start":{"line":48,"column":8},"end":{"line":50,"column":21}},{"start":{"line":52,"column":8},"end":{"line":68,"column":24}}],"line":47},"4":{"loc":{"start":{"line":54,"column":20},"end":{"line":54,"column":56}},"type":"cond-expr","locations":[{"start":{"line":54,"column":29},"end":{"line":54,"column":46}},{"start":{"line":54,"column":49},"end":{"line":54,"column":56}}],"line":54},"5":{"loc":{"start":{"line":60,"column":14},"end":{"line":60,"column":35}},"type":"if","locations":[{"start":{"line":60,"column":14},"end":{"line":60,"column":35}},{"start":{},"end":{}}],"line":60}},"s":{"0":5,"1":13,"2":13,"3":13,"4":13,"5":13,"6":13,"7":1,"8":1,"9":1,"10":13,"11":13,"12":13,"13":11,"14":1,"15":13,"16":1,"17":1,"18":1,"19":0,"20":0,"21":1,"22":1,"23":5},"f":{"0":13,"1":13,"2":1,"3":13,"4":11,"5":1,"6":0,"7":1},"b":{"0":[1,0],"1":[1,10],"2":[13,10,10],"3":[2,11],"4":[11,0],"5":[0,1]},"_coverageSchema":"1a1c01bbd47fc00a2c39e90264f33305004495a9","hash":"5c7b650e366b6af85eb1ffaf81297cf75ab92d2c"}
,"/Users/georgegilgarib/Documents/SELF-PROJECTS/laprueba/movie-app-2/src/infrastructure/components/movie-box/poster/Poster.tsx": {"path":"/Users/georgegilgarib/Documents/SELF-PROJECTS/laprueba/movie-app-2/src/infrastructure/components/movie-box/poster/Poster.tsx","statementMap":{"0":{"start":{"line":15,"column":48},"end":{"line":31,"column":1}},"1":{"start":{"line":16,"column":2},"end":{"line":30,"column":4}},"2":{"start":{"line":33,"column":15},"end":{"line":57,"column":2}}},"fnMap":{"0":{"name":"(anonymous_0)","decl":{"start":{"line":15,"column":48},"end":{"line":15,"column":49}},"loc":{"start":{"line":15,"column":111},"end":{"line":31,"column":1}},"line":15}},"branchMap":{},"s":{"0":1,"1":1,"2":1},"f":{"0":1},"b":{},"_coverageSchema":"1a1c01bbd47fc00a2c39e90264f33305004495a9","hash":"74581482e79ecbb67bff635bd78e62433f1082dc"}
,"/Users/georgegilgarib/Documents/SELF-PROJECTS/laprueba/movie-app-2/src/infrastructure/components/movie-box/poster/favorite/Favorite.tsx": {"path":"/Users/georgegilgarib/Documents/SELF-PROJECTS/laprueba/movie-app-2/src/infrastructure/components/movie-box/poster/favorite/Favorite.tsx","statementMap":{"0":{"start":{"line":10,"column":46},"end":{"line":25,"column":1}},"1":{"start":{"line":11,"column":2},"end":{"line":24,"column":4}},"2":{"start":{"line":27,"column":15},"end":{"line":36,"column":2}}},"fnMap":{"0":{"name":"(anonymous_0)","decl":{"start":{"line":10,"column":46},"end":{"line":10,"column":47}},"loc":{"start":{"line":10,"column":75},"end":{"line":25,"column":1}},"line":10}},"branchMap":{"0":{"loc":{"start":{"line":18,"column":14},"end":{"line":18,"column":46}},"type":"cond-expr","locations":[{"start":{"line":18,"column":27},"end":{"line":18,"column":34}},{"start":{"line":18,"column":37},"end":{"line":18,"column":46}}],"line":18}},"s":{"0":2,"1":4,"2":2},"f":{"0":4},"b":{"0":[1,3]},"_coverageSchema":"1a1c01bbd47fc00a2c39e90264f33305004495a9","hash":"aff07e179227b5ec059e936c2deece269606b09f"}
,"/Users/georgegilgarib/Documents/SELF-PROJECTS/laprueba/movie-app-2/src/infrastructure/components/movie-details/actor-carousel/ActorCarousel.tsx": {"path":"/Users/georgegilgarib/Documents/SELF-PROJECTS/laprueba/movie-app-2/src/infrastructure/components/movie-details/actor-carousel/ActorCarousel.tsx","statementMap":{"0":{"start":{"line":13,"column":2},"end":{"line":15,"column":3}},"1":{"start":{"line":14,"column":4},"end":{"line":14,"column":91}},"2":{"start":{"line":17,"column":2},"end":{"line":37,"column":4}},"3":{"start":{"line":31,"column":10},"end":{"line":33,"column":23}},"4":{"start":{"line":40,"column":15},"end":{"line":46,"column":2}}},"fnMap":{"0":{"name":"ActorCarousel","decl":{"start":{"line":12,"column":24},"end":{"line":12,"column":37}},"loc":{"start":{"line":12,"column":70},"end":{"line":38,"column":1}},"line":12},"1":{"name":"(anonymous_1)","decl":{"start":{"line":30,"column":20},"end":{"line":30,"column":21}},"loc":{"start":{"line":31,"column":10},"end":{"line":33,"column":23}},"line":31}},"branchMap":{"0":{"loc":{"start":{"line":13,"column":2},"end":{"line":15,"column":3}},"type":"if","locations":[{"start":{"line":13,"column":2},"end":{"line":15,"column":3}},{"start":{},"end":{}}],"line":13},"1":{"loc":{"start":{"line":13,"column":6},"end":{"line":13,"column":34}},"type":"binary-expr","locations":[{"start":{"line":13,"column":6},"end":{"line":13,"column":13}},{"start":{"line":13,"column":17},"end":{"line":13,"column":34}}],"line":13}},"s":{"0":3,"1":2,"2":1,"3":2,"4":1},"f":{"0":3,"1":2},"b":{"0":[2,1],"1":[3,2]},"_coverageSchema":"1a1c01bbd47fc00a2c39e90264f33305004495a9","hash":"d4533d7e94ccd9d86223a8c316875b2dd9d5ce3f"}
,"/Users/georgegilgarib/Documents/SELF-PROJECTS/laprueba/movie-app-2/src/infrastructure/components/movie-details/actor-carousel/actor-box/Box.tsx": {"path":"/Users/georgegilgarib/Documents/SELF-PROJECTS/laprueba/movie-app-2/src/infrastructure/components/movie-details/actor-carousel/actor-box/Box.tsx","statementMap":{"0":{"start":{"line":13,"column":2},"end":{"line":27,"column":4}},"1":{"start":{"line":30,"column":15},"end":{"line":63,"column":2}}},"fnMap":{"0":{"name":"Box","decl":{"start":{"line":12,"column":24},"end":{"line":12,"column":27}},"loc":{"start":{"line":12,"column":54},"end":{"line":28,"column":1}},"line":12}},"branchMap":{},"s":{"0":3,"1":2},"f":{"0":3},"b":{},"_coverageSchema":"1a1c01bbd47fc00a2c39e90264f33305004495a9","hash":"e7cc895ca312d498d2c2732378c9b635ceeaf97f"}
,"/Users/georgegilgarib/Documents/SELF-PROJECTS/laprueba/movie-app-2/src/infrastructure/components/movie-details/rating-section/favorite/FavoriteButton.tsx": {"path":"/Users/georgegilgarib/Documents/SELF-PROJECTS/laprueba/movie-app-2/src/infrastructure/components/movie-details/rating-section/favorite/FavoriteButton.tsx","statementMap":{"0":{"start":{"line":10,"column":54},"end":{"line":25,"column":1}},"1":{"start":{"line":11,"column":2},"end":{"line":24,"column":4}},"2":{"start":{"line":27,"column":15},"end":{"line":31,"column":2}}},"fnMap":{"0":{"name":"(anonymous_0)","decl":{"start":{"line":10,"column":54},"end":{"line":10,"column":55}},"loc":{"start":{"line":10,"column":92},"end":{"line":25,"column":1}},"line":10}},"branchMap":{"0":{"loc":{"start":{"line":18,"column":14},"end":{"line":18,"column":46}},"type":"cond-expr","locations":[{"start":{"line":18,"column":27},"end":{"line":18,"column":34}},{"start":{"line":18,"column":37},"end":{"line":18,"column":46}}],"line":18}},"s":{"0":1,"1":3,"2":1},"f":{"0":3},"b":{"0":[1,2]},"_coverageSchema":"1a1c01bbd47fc00a2c39e90264f33305004495a9","hash":"577cf847e0b31ce28a56c49163bebe27ed61c052"}
,"/Users/georgegilgarib/Documents/SELF-PROJECTS/laprueba/movie-app-2/src/infrastructure/components/movie-details/rating-section/rating-stars/stars/Stars.tsx": {"path":"/Users/georgegilgarib/Documents/SELF-PROJECTS/laprueba/movie-app-2/src/infrastructure/components/movie-details/rating-section/rating-stars/stars/Stars.tsx","statementMap":{"0":{"start":{"line":14,"column":40},"end":{"line":35,"column":1}},"1":{"start":{"line":15,"column":2},"end":{"line":34,"column":4}},"2":{"start":{"line":18,"column":8},"end":{"line":31,"column":27}},"3":{"start":{"line":20,"column":25},"end":{"line":20,"column":47}},"4":{"start":{"line":37,"column":15},"end":{"line":45,"column":2}}},"fnMap":{"0":{"name":"(anonymous_0)","decl":{"start":{"line":14,"column":40},"end":{"line":14,"column":41}},"loc":{"start":{"line":14,"column":90},"end":{"line":35,"column":1}},"line":14},"1":{"name":"(anonymous_1)","decl":{"start":{"line":17,"column":29},"end":{"line":17,"column":30}},"loc":{"start":{"line":18,"column":8},"end":{"line":31,"column":27}},"line":18},"2":{"name":"(anonymous_2)","decl":{"start":{"line":20,"column":19},"end":{"line":20,"column":20}},"loc":{"start":{"line":20,"column":25},"end":{"line":20,"column":47}},"line":20}},"branchMap":{"0":{"loc":{"start":{"line":26,"column":20},"end":{"line":26,"column":62}},"type":"cond-expr","locations":[{"start":{"line":26,"column":45},"end":{"line":26,"column":51}},{"start":{"line":26,"column":54},"end":{"line":26,"column":62}}],"line":26}},"s":{"0":1,"1":1,"2":5,"3":1,"4":1},"f":{"0":1,"1":5,"2":1},"b":{"0":[2,3]},"_coverageSchema":"1a1c01bbd47fc00a2c39e90264f33305004495a9","hash":"c92bafa6ebaf6427d027922706cdceb2da4def1c"}
,"/Users/georgegilgarib/Documents/SELF-PROJECTS/laprueba/movie-app-2/src/infrastructure/components/movie-details/rating-section/rating-stars/submit-button/SubmitButton.tsx": {"path":"/Users/georgegilgarib/Documents/SELF-PROJECTS/laprueba/movie-app-2/src/infrastructure/components/movie-details/rating-section/rating-stars/submit-button/SubmitButton.tsx","statementMap":{"0":{"start":{"line":12,"column":50},"end":{"line":40,"column":1}},"1":{"start":{"line":18,"column":2},"end":{"line":39,"column":4}},"2":{"start":{"line":42,"column":15},"end":{"line":53,"column":2}}},"fnMap":{"0":{"name":"(anonymous_0)","decl":{"start":{"line":12,"column":50},"end":{"line":12,"column":51}},"loc":{"start":{"line":17,"column":6},"end":{"line":40,"column":1}},"line":17}},"branchMap":{"0":{"loc":{"start":{"line":23,"column":19},"end":{"line":23,"column":50}},"type":"cond-expr","locations":[{"start":{"line":23,"column":45},"end":{"line":23,"column":46}},{"start":{"line":23,"column":49},"end":{"line":23,"column":50}}],"line":23},"1":{"loc":{"start":{"line":23,"column":19},"end":{"line":23,"column":42}},"type":"binary-expr","locations":[{"start":{"line":23,"column":19},"end":{"line":23,"column":29}},{"start":{"line":23,"column":33},"end":{"line":23,"column":42}}],"line":23},"2":{"loc":{"start":{"line":24,"column":27},"end":{"line":24,"column":60}},"type":"cond-expr","locations":[{"start":{"line":24,"column":39},"end":{"line":24,"column":48}},{"start":{"line":24,"column":51},"end":{"line":24,"column":60}}],"line":24},"3":{"loc":{"start":{"line":28,"column":16},"end":{"line":28,"column":53}},"type":"binary-expr","locations":[{"start":{"line":28,"column":16},"end":{"line":28,"column":27}},{"start":{"line":28,"column":31},"end":{"line":28,"column":40}},{"start":{"line":28,"column":44},"end":{"line":28,"column":53}}],"line":28},"4":{"loc":{"start":{"line":31,"column":7},"end":{"line":37,"column":7}},"type":"cond-expr","locations":[{"start":{"line":32,"column":8},"end":{"line":32,"column":86}},{"start":{"line":33,"column":10},"end":{"line":37,"column":7}}],"line":31},"5":{"loc":{"start":{"line":33,"column":10},"end":{"line":37,"column":7}},"type":"cond-expr","locations":[{"start":{"line":34,"column":8},"end":{"line":34,"column":75}},{"start":{"line":36,"column":8},"end":{"line":36,"column":73}}],"line":33}},"s":{"0":1,"1":5,"2":1},"f":{"0":5},"b":{"0":[5,0],"1":[5,1],"2":[2,3],"3":[5,4,3],"4":[1,4],"5":[2,2]},"_coverageSchema":"1a1c01bbd47fc00a2c39e90264f33305004495a9","hash":"4b1144c9e6776102a0647e94ac6968e289c64d7b"}
,"/Users/georgegilgarib/Documents/SELF-PROJECTS/laprueba/movie-app-2/src/infrastructure/components/movie-details/recommendation-carousel/box/Box.tsx": {"path":"/Users/georgegilgarib/Documents/SELF-PROJECTS/laprueba/movie-app-2/src/infrastructure/components/movie-details/recommendation-carousel/box/Box.tsx","statementMap":{"0":{"start":{"line":13,"column":37},"end":{"line":28,"column":1}},"1":{"start":{"line":14,"column":2},"end":{"line":27,"column":3}},"2":{"start":{"line":30,"column":15},"end":{"line":56,"column":2}}},"fnMap":{"0":{"name":"(anonymous_0)","decl":{"start":{"line":13,"column":37},"end":{"line":13,"column":38}},"loc":{"start":{"line":13,"column":61},"end":{"line":28,"column":1}},"line":13}},"branchMap":{},"s":{"0":1,"1":2,"2":1},"f":{"0":2},"b":{},"_coverageSchema":"1a1c01bbd47fc00a2c39e90264f33305004495a9","hash":"c1145bccd43b0e727392a738fb4fa71ca1ba042d"}
,"/Users/georgegilgarib/Documents/SELF-PROJECTS/laprueba/movie-app-2/src/infrastructure/components/vote-average-meter/VoteAverage.tsx": {"path":"/Users/georgegilgarib/Documents/SELF-PROJECTS/laprueba/movie-app-2/src/infrastructure/components/vote-average-meter/VoteAverage.tsx","statementMap":{"0":{"start":{"line":11,"column":26},"end":{"line":11,"column":57}},"1":{"start":{"line":14,"column":24},"end":{"line":14,"column":61}},"2":{"start":{"line":15,"column":25},"end":{"line":15,"column":62}},"3":{"start":{"line":16,"column":25},"end":{"line":16,"column":62}},"4":{"start":{"line":17,"column":25},"end":{"line":17,"column":62}},"5":{"start":{"line":19,"column":23},"end":{"line":21,"column":3}},"6":{"start":{"line":20,"column":4},"end":{"line":20,"column":38}},"7":{"start":{"line":23,"column":2},"end":{"line":67,"column":20}},"8":{"start":{"line":24,"column":4},"end":{"line":66,"column":5}},"9":{"start":{"line":25,"column":6},"end":{"line":29,"column":17}},"10":{"start":{"line":31,"column":35},"end":{"line":43,"column":7}},"11":{"start":{"line":35,"column":26},"end":{"line":35,"column":57}},"12":{"start":{"line":35,"column":49},"end":{"line":35,"column":56}},"13":{"start":{"line":36,"column":8},"end":{"line":42,"column":9}},"14":{"start":{"line":37,"column":10},"end":{"line":41,"column":21}},"15":{"start":{"line":45,"column":6},"end":{"line":65,"column":7}},"16":{"start":{"line":46,"column":27},"end":{"line":46,"column":51}},"17":{"start":{"line":48,"column":8},"end":{"line":52,"column":11}},"18":{"start":{"line":54,"column":8},"end":{"line":58,"column":11}},"19":{"start":{"line":60,"column":8},"end":{"line":64,"column":11}},"20":{"start":{"line":69,"column":29},"end":{"line":72,"column":4}},"21":{"start":{"line":74,"column":25},"end":{"line":74,"column":73}},"22":{"start":{"line":75,"column":20},"end":{"line":80,"column":3}},"23":{"start":{"line":76,"column":4},"end":{"line":79,"column":6}},"24":{"start":{"line":82,"column":2},"end":{"line":114,"column":4}},"25":{"start":{"line":95,"column":10},"end":{"line":105,"column":12}},"26":{"start":{"line":117,"column":15},"end":{"line":158,"column":2}}},"fnMap":{"0":{"name":"VoteAverage","decl":{"start":{"line":13,"column":24},"end":{"line":13,"column":35}},"loc":{"start":{"line":13,"column":71},"end":{"line":115,"column":1}},"line":13},"1":{"name":"(anonymous_1)","decl":{"start":{"line":19,"column":23},"end":{"line":19,"column":24}},"loc":{"start":{"line":19,"column":41},"end":{"line":21,"column":3}},"line":19},"2":{"name":"(anonymous_2)","decl":{"start":{"line":23,"column":12},"end":{"line":23,"column":13}},"loc":{"start":{"line":23,"column":18},"end":{"line":67,"column":3}},"line":23},"3":{"name":"(anonymous_3)","decl":{"start":{"line":31,"column":35},"end":{"line":31,"column":36}},"loc":{"start":{"line":34,"column":11},"end":{"line":43,"column":7}},"line":34},"4":{"name":"(anonymous_4)","decl":{"start":{"line":35,"column":42},"end":{"line":35,"column":43}},"loc":{"start":{"line":35,"column":49},"end":{"line":35,"column":56}},"line":35},"5":{"name":"(anonymous_5)","decl":{"start":{"line":75,"column":39},"end":{"line":75,"column":40}},"loc":{"start":{"line":76,"column":4},"end":{"line":79,"column":6}},"line":76},"6":{"name":"(anonymous_6)","decl":{"start":{"line":94,"column":23},"end":{"line":94,"column":24}},"loc":{"start":{"line":95,"column":10},"end":{"line":105,"column":12}},"line":95}},"branchMap":{"0":{"loc":{"start":{"line":24,"column":4},"end":{"line":66,"column":5}},"type":"if","locations":[{"start":{"line":24,"column":4},"end":{"line":66,"column":5}},{"start":{},"end":{}}],"line":24},"1":{"loc":{"start":{"line":36,"column":8},"end":{"line":42,"column":9}},"type":"if","locations":[{"start":{"line":36,"column":8},"end":{"line":42,"column":9}},{"start":{},"end":{}}],"line":36},"2":{"loc":{"start":{"line":45,"column":6},"end":{"line":65,"column":7}},"type":"if","locations":[{"start":{"line":45,"column":6},"end":{"line":65,"column":7}},{"start":{},"end":{}}],"line":45},"3":{"loc":{"start":{"line":49,"column":19},"end":{"line":49,"column":56}},"type":"binary-expr","locations":[{"start":{"line":49,"column":19},"end":{"line":49,"column":36}},{"start":{"line":49,"column":40},"end":{"line":49,"column":56}}],"line":49},"4":{"loc":{"start":{"line":55,"column":19},"end":{"line":55,"column":56}},"type":"binary-expr","locations":[{"start":{"line":55,"column":19},"end":{"line":55,"column":34}},{"start":{"line":55,"column":38},"end":{"line":55,"column":56}}],"line":55},"5":{"loc":{"start":{"line":61,"column":19},"end":{"line":61,"column":57}},"type":"binary-expr","locations":[{"start":{"line":61,"column":19},"end":{"line":61,"column":36}},{"start":{"line":61,"column":40},"end":{"line":61,"column":57}}],"line":61},"6":{"loc":{"start":{"line":109,"column":13},"end":{"line":109,"column":79}},"type":"cond-expr","locations":[{"start":{"line":109,"column":41},"end":{"line":109,"column":71}},{"start":{"line":109,"column":74},"end":{"line":109,"column":79}}],"line":109}},"s":{"0":2,"1":5,"2":5,"3":5,"4":5,"5":5,"6":5,"7":5,"8":5,"9":0,"10":0,"11":0,"12":0,"13":0,"14":0,"15":0,"16":0,"17":0,"18":0,"19":0,"20":5,"21":5,"22":5,"23":15,"24":5,"25":15,"26":2},"f":{"0":5,"1":5,"2":5,"3":0,"4":0,"5":15,"6":15},"b":{"0":[0,5],"1":[0,0],"2":[0,0],"3":[0,0],"4":[0,0],"5":[0,0],"6":[5,0]},"_coverageSchema":"1a1c01bbd47fc00a2c39e90264f33305004495a9","hash":"fca917d6f5fad60bc9e5a14f9542f045ca31eb46"}
,"/Users/georgegilgarib/Documents/SELF-PROJECTS/laprueba/movie-app-2/src/infrastructure/constants/Colors.ts": {"path":"/Users/georgegilgarib/Documents/SELF-PROJECTS/laprueba/movie-app-2/src/infrastructure/constants/Colors.ts","statementMap":{"0":{"start":{"line":6,"column":23},"end":{"line":6,"column":32}},"1":{"start":{"line":7,"column":22},"end":{"line":7,"column":28}},"2":{"start":{"line":9,"column":22},"end":{"line":26,"column":1}}},"fnMap":{},"branchMap":{},"s":{"0":7,"1":7,"2":7},"f":{},"b":{},"_coverageSchema":"1a1c01bbd47fc00a2c39e90264f33305004495a9","hash":"9582b2db46cbc88c2f3adb884eb683a17635dc12"}
,"/Users/georgegilgarib/Documents/SELF-PROJECTS/laprueba/movie-app-2/src/infrastructure/hooks/useThemeColor.ts": {"path":"/Users/georgegilgarib/Documents/SELF-PROJECTS/laprueba/movie-app-2/src/infrastructure/hooks/useThemeColor.ts","statementMap":{"0":{"start":{"line":14,"column":16},"end":{"line":14,"column":43}},"1":{"start":{"line":15,"column":25},"end":{"line":15,"column":37}},"2":{"start":{"line":17,"column":2},"end":{"line":21,"column":3}},"3":{"start":{"line":18,"column":4},"end":{"line":18,"column":26}},"4":{"start":{"line":20,"column":4},"end":{"line":20,"column":36}}},"fnMap":{"0":{"name":"useThemeColor","decl":{"start":{"line":10,"column":16},"end":{"line":10,"column":29}},"loc":{"start":{"line":13,"column":2},"end":{"line":22,"column":1}},"line":13}},"branchMap":{"0":{"loc":{"start":{"line":14,"column":16},"end":{"line":14,"column":43}},"type":"binary-expr","locations":[{"start":{"line":14,"column":16},"end":{"line":14,"column":32}},{"start":{"line":14,"column":36},"end":{"line":14,"column":43}}],"line":14},"1":{"loc":{"start":{"line":17,"column":2},"end":{"line":21,"column":3}},"type":"if","locations":[{"start":{"line":17,"column":2},"end":{"line":21,"column":3}},{"start":{"line":19,"column":9},"end":{"line":21,"column":3}}],"line":17}},"s":{"0":64,"1":64,"2":64,"3":0,"4":64},"f":{"0":64},"b":{"0":[64,0],"1":[0,64]},"_coverageSchema":"1a1c01bbd47fc00a2c39e90264f33305004495a9","hash":"a4a502c8e9299868e5b698f3cbb31bcf63c9d793"}
,"/Users/georgegilgarib/Documents/SELF-PROJECTS/laprueba/movie-app-2/src/infrastructure/store/favoriteMovies.ts": {"path":"/Users/georgegilgarib/Documents/SELF-PROJECTS/laprueba/movie-app-2/src/infrastructure/store/favoriteMovies.ts","statementMap":{"0":{"start":{"line":8,"column":34},"end":{"line":10,"column":1}},"1":{"start":{"line":12,"column":20},"end":{"line":23,"column":2}},"2":{"start":{"line":17,"column":6},"end":{"line":17,"column":40}},"3":{"start":{"line":20,"column":6},"end":{"line":20,"column":79}},"4":{"start":{"line":20,"column":50},"end":{"line":20,"column":77}},"5":{"start":{"line":25,"column":41},"end":{"line":25,"column":60}}},"fnMap":{"0":{"name":"(anonymous_0)","decl":{"start":{"line":16,"column":14},"end":{"line":16,"column":15}},"loc":{"start":{"line":16,"column":55},"end":{"line":18,"column":5}},"line":16},"1":{"name":"(anonymous_1)","decl":{"start":{"line":19,"column":17},"end":{"line":19,"column":18}},"loc":{"start":{"line":19,"column":59},"end":{"line":21,"column":5}},"line":19},"2":{"name":"(anonymous_2)","decl":{"start":{"line":20,"column":41},"end":{"line":20,"column":42}},"loc":{"start":{"line":20,"column":50},"end":{"line":20,"column":77}},"line":20}},"branchMap":{},"s":{"0":2,"1":2,"2":3,"3":1,"4":2,"5":2},"f":{"0":3,"1":1,"2":2},"b":{},"_coverageSchema":"1a1c01bbd47fc00a2c39e90264f33305004495a9","hash":"96c5257f55f6be33a3d1ef461285956d0a87fff1"}
,"/Users/georgegilgarib/Documents/SELF-PROJECTS/laprueba/movie-app-2/src/infrastructure/utils/colotMeter.ts": {"path":"/Users/georgegilgarib/Documents/SELF-PROJECTS/laprueba/movie-app-2/src/infrastructure/utils/colotMeter.ts","statementMap":{"0":{"start":{"line":1,"column":31},"end":{"line":25,"column":1}},"1":{"start":{"line":2,"column":2},"end":{"line":24,"column":3}},"2":{"start":{"line":3,"column":4},"end":{"line":3,"column":23}},"3":{"start":{"line":4,"column":9},"end":{"line":24,"column":3}},"4":{"start":{"line":5,"column":4},"end":{"line":5,"column":21}},"5":{"start":{"line":6,"column":9},"end":{"line":24,"column":3}},"6":{"start":{"line":7,"column":4},"end":{"line":7,"column":21}},"7":{"start":{"line":8,"column":9},"end":{"line":24,"column":3}},"8":{"start":{"line":9,"column":4},"end":{"line":9,"column":21}},"9":{"start":{"line":10,"column":9},"end":{"line":24,"column":3}},"10":{"start":{"line":11,"column":4},"end":{"line":11,"column":21}},"11":{"start":{"line":12,"column":9},"end":{"line":24,"column":3}},"12":{"start":{"line":13,"column":4},"end":{"line":13,"column":21}},"13":{"start":{"line":14,"column":9},"end":{"line":24,"column":3}},"14":{"start":{"line":15,"column":4},"end":{"line":15,"column":21}},"15":{"start":{"line":16,"column":9},"end":{"line":24,"column":3}},"16":{"start":{"line":17,"column":4},"end":{"line":17,"column":21}},"17":{"start":{"line":18,"column":9},"end":{"line":24,"column":3}},"18":{"start":{"line":19,"column":4},"end":{"line":19,"column":21}},"19":{"start":{"line":20,"column":9},"end":{"line":24,"column":3}},"20":{"start":{"line":21,"column":4},"end":{"line":21,"column":21}},"21":{"start":{"line":23,"column":4},"end":{"line":23,"column":21}}},"fnMap":{"0":{"name":"(anonymous_0)","decl":{"start":{"line":1,"column":31},"end":{"line":1,"column":32}},"loc":{"start":{"line":1,"column":60},"end":{"line":25,"column":1}},"line":1}},"branchMap":{"0":{"loc":{"start":{"line":2,"column":2},"end":{"line":24,"column":3}},"type":"if","locations":[{"start":{"line":2,"column":2},"end":{"line":24,"column":3}},{"start":{"line":4,"column":9},"end":{"line":24,"column":3}}],"line":2},"1":{"loc":{"start":{"line":4,"column":9},"end":{"line":24,"column":3}},"type":"if","locations":[{"start":{"line":4,"column":9},"end":{"line":24,"column":3}},{"start":{"line":6,"column":9},"end":{"line":24,"column":3}}],"line":4},"2":{"loc":{"start":{"line":6,"column":9},"end":{"line":24,"column":3}},"type":"if","locations":[{"start":{"line":6,"column":9},"end":{"line":24,"column":3}},{"start":{"line":8,"column":9},"end":{"line":24,"column":3}}],"line":6},"3":{"loc":{"start":{"line":8,"column":9},"end":{"line":24,"column":3}},"type":"if","locations":[{"start":{"line":8,"column":9},"end":{"line":24,"column":3}},{"start":{"line":10,"column":9},"end":{"line":24,"column":3}}],"line":8},"4":{"loc":{"start":{"line":10,"column":9},"end":{"line":24,"column":3}},"type":"if","locations":[{"start":{"line":10,"column":9},"end":{"line":24,"column":3}},{"start":{"line":12,"column":9},"end":{"line":24,"column":3}}],"line":10},"5":{"loc":{"start":{"line":12,"column":9},"end":{"line":24,"column":3}},"type":"if","locations":[{"start":{"line":12,"column":9},"end":{"line":24,"column":3}},{"start":{"line":14,"column":9},"end":{"line":24,"column":3}}],"line":12},"6":{"loc":{"start":{"line":14,"column":9},"end":{"line":24,"column":3}},"type":"if","locations":[{"start":{"line":14,"column":9},"end":{"line":24,"column":3}},{"start":{"line":16,"column":9},"end":{"line":24,"column":3}}],"line":14},"7":{"loc":{"start":{"line":16,"column":9},"end":{"line":24,"column":3}},"type":"if","locations":[{"start":{"line":16,"column":9},"end":{"line":24,"column":3}},{"start":{"line":18,"column":9},"end":{"line":24,"column":3}}],"line":16},"8":{"loc":{"start":{"line":18,"column":9},"end":{"line":24,"column":3}},"type":"if","locations":[{"start":{"line":18,"column":9},"end":{"line":24,"column":3}},{"start":{"line":20,"column":9},"end":{"line":24,"column":3}}],"line":18},"9":{"loc":{"start":{"line":20,"column":9},"end":{"line":24,"column":3}},"type":"if","locations":[{"start":{"line":20,"column":9},"end":{"line":24,"column":3}},{"start":{"line":22,"column":9},"end":{"line":24,"column":3}}],"line":20}},"s":{"0":2,"1":22,"2":2,"3":20,"4":1,"5":19,"6":2,"7":17,"8":2,"9":15,"10":2,"11":13,"12":2,"13":11,"14":2,"15":9,"16":2,"17":7,"18":2,"19":5,"20":3,"21":2},"f":{"0":22},"b":{"0":[2,20],"1":[1,19],"2":[2,17],"3":[2,15],"4":[2,13],"5":[2,11],"6":[2,9],"7":[2,7],"8":[2,5],"9":[3,2]},"_coverageSchema":"1a1c01bbd47fc00a2c39e90264f33305004495a9","hash":"dc68448ed47df1f6bdcd34f6b9e78b8591a246bc"}
,"/Users/georgegilgarib/Documents/SELF-PROJECTS/laprueba/movie-app-2/src/infrastructure/utils/formatDate.ts": {"path":"/Users/georgegilgarib/Documents/SELF-PROJECTS/laprueba/movie-app-2/src/infrastructure/utils/formatDate.ts","statementMap":{"0":{"start":{"line":2,"column":31},"end":{"line":2,"column":64}},"1":{"start":{"line":4,"column":19},"end":{"line":7,"column":5}},"2":{"start":{"line":9,"column":4},"end":{"line":9,"column":50}},"3":{"start":{"line":14,"column":22},"end":{"line":14,"column":48}},"4":{"start":{"line":15,"column":4},"end":{"line":15,"column":48}}},"fnMap":{"0":{"name":"formatDate","decl":{"start":{"line":1,"column":16},"end":{"line":1,"column":26}},"loc":{"start":{"line":1,"column":55},"end":{"line":10,"column":1}},"line":1},"1":{"name":"getYearFromDate","decl":{"start":{"line":13,"column":16},"end":{"line":13,"column":31}},"loc":{"start":{"line":13,"column":61},"end":{"line":16,"column":3}},"line":13}},"branchMap":{"0":{"loc":{"start":{"line":15,"column":11},"end":{"line":15,"column":47}},"type":"cond-expr","locations":[{"start":{"line":15,"column":23},"end":{"line":15,"column":35}},{"start":{"line":15,"column":38},"end":{"line":15,"column":47}}],"line":15}},"s":{"0":6,"1":6,"2":6,"3":2,"4":2},"f":{"0":6,"1":2},"b":{"0":[1,1]},"_coverageSchema":"1a1c01bbd47fc00a2c39e90264f33305004495a9","hash":"886abea7a9007aa6c311d8029ffa32284e0eb50b"}
,"/Users/georgegilgarib/Documents/SELF-PROJECTS/laprueba/movie-app-2/src/infrastructure/utils/sessionStorage.ts": {"path":"/Users/georgegilgarib/Documents/SELF-PROJECTS/laprueba/movie-app-2/src/infrastructure/utils/sessionStorage.ts","statementMap":{"0":{"start":{"line":4,"column":19},"end":{"line":4,"column":40}},"1":{"start":{"line":6,"column":26},"end":{"line":13,"column":1}},"2":{"start":{"line":7,"column":2},"end":{"line":12,"column":3}},"3":{"start":{"line":8,"column":19},"end":{"line":8,"column":57}},"4":{"start":{"line":9,"column":6},"end":{"line":9,"column":44}},"5":{"start":{"line":11,"column":6},"end":{"line":11,"column":18}},"6":{"start":{"line":15,"column":26},"end":{"line":19,"column":1}},"7":{"start":{"line":16,"column":4},"end":{"line":18,"column":14}},"8":{"start":{"line":17,"column":4},"end":{"line":17,"column":72}},"9":{"start":{"line":21,"column":24},"end":{"line":25,"column":1}},"10":{"start":{"line":22,"column":27},"end":{"line":22,"column":84}},"11":{"start":{"line":24,"column":2},"end":{"line":24,"column":69}}},"fnMap":{"0":{"name":"(anonymous_0)","decl":{"start":{"line":6,"column":26},"end":{"line":6,"column":27}},"loc":{"start":{"line":6,"column":68},"end":{"line":13,"column":1}},"line":6},"1":{"name":"(anonymous_1)","decl":{"start":{"line":15,"column":26},"end":{"line":15,"column":27}},"loc":{"start":{"line":15,"column":63},"end":{"line":19,"column":1}},"line":15},"2":{"name":"(anonymous_2)","decl":{"start":{"line":21,"column":24},"end":{"line":21,"column":25}},"loc":{"start":{"line":21,"column":60},"end":{"line":25,"column":1}},"line":21}},"branchMap":{"0":{"loc":{"start":{"line":9,"column":13},"end":{"line":9,"column":43}},"type":"cond-expr","locations":[{"start":{"line":9,"column":20},"end":{"line":9,"column":36}},{"start":{"line":9,"column":39},"end":{"line":9,"column":43}}],"line":9}},"s":{"0":4,"1":4,"2":3,"3":3,"4":2,"5":1,"6":4,"7":2,"8":2,"9":4,"10":2,"11":2},"f":{"0":3,"1":2,"2":2},"b":{"0":[1,1]},"_coverageSchema":"1a1c01bbd47fc00a2c39e90264f33305004495a9","hash":"758a3f17384e14819752e0f435b979f01bd79ffe"}
}
